configure.in:100: warning: AC_LANG_CONFTEST: no AC_LANG_SOURCE call detected in body
../../lib/autoconf/lang.m4:197: AC_LANG_CONFTEST is expanded from...
../../lib/autoconf/general.m4:2598: _AC_COMPILE_IFELSE is expanded from...
../../lib/autoconf/general.m4:2608: AC_COMPILE_IFELSE is expanded from...
../../lib/m4sugar/m4sh.m4:643: AS_IF is expanded from...
configure.in:100: the top level
configure.in:100: warning: AC_LANG_CONFTEST: no AC_LANG_SOURCE call detected in body
../../lib/autoconf/lang.m4:197: AC_LANG_CONFTEST is expanded from...
../../lib/autoconf/general.m4:2598: _AC_COMPILE_IFELSE is expanded from...
../../lib/autoconf/general.m4:2608: AC_COMPILE_IFELSE is expanded from...
../../lib/m4sugar/m4sh.m4:643: AS_IF is expanded from...
../../lib/autoconf/general.m4:2598: _AC_COMPILE_IFELSE is expanded from...
../../lib/autoconf/general.m4:2608: AC_COMPILE_IFELSE is expanded from...
../../lib/m4sugar/m4sh.m4:643: AS_IF is expanded from...
configure.in:100: the top level
configure.in:119: warning: AC_LANG_CONFTEST: no AC_LANG_SOURCE call detected in body
../../lib/autoconf/lang.m4:197: AC_LANG_CONFTEST is expanded from...
../../lib/autoconf/general.m4:2598: _AC_COMPILE_IFELSE is expanded from...
../../lib/autoconf/general.m4:2608: AC_COMPILE_IFELSE is expanded from...
../../lib/m4sugar/m4sh.m4:643: AS_IF is expanded from...
../../lib/autoconf/general.m4:2046: AC_CACHE_VAL is expanded from...
../../lib/autoconf/general.m4:2059: AC_CACHE_CHECK is expanded from...
configure.in:119: the top level
configure.in:127: warning: AC_LANG_CONFTEST: no AC_LANG_SOURCE call detected in body
../../lib/autoconf/lang.m4:197: AC_LANG_CONFTEST is expanded from...
../../lib/autoconf/general.m4:2598: _AC_COMPILE_IFELSE is expanded from...
../../lib/autoconf/general.m4:2608: AC_COMPILE_IFELSE is expanded from...
../../lib/m4sugar/m4sh.m4:643: AS_IF is expanded from...
../../lib/autoconf/general.m4:2046: AC_CACHE_VAL is expanded from...
../../lib/autoconf/general.m4:2059: AC_CACHE_CHECK is expanded from...
configure.in:127: the top level
